<component name="libraryTable">
  <library name="junit5-engine-5.0.0-ALPHA">
    <CLASSES>
      <root url="jar://$USER_HOME$/Downloads/junit5-engine-5.0.0-ALPHA.jar!/" />
    </CLASSES>
    <JAVADOC />
    <SOURCES />
  </library>
</component>